<?xml version="1.0" encoding="UTF-8"?>
<!-- Generated by org.testng.reporters.JUnitReportReporter -->
<testsuite hostname="System-Alik" failures="0" tests="3" name="com.test.Main.TransFormation" time="23.637" errors="0" timestamp="2022-05-15T17:30:19 IST" skipped="0">
  <testcase classname="com.test.Main.TransFormation" name="navigatePage" time="10.750"/>
  <system-out/>
  <testcase classname="com.test.Main.TransFormation" name="fetchMessage" time="5.043"/>
  <system-out/>
  <testcase classname="com.test.Main.TransFormation" name="fillForm" time="7.844"/>
  <system-out/>
</testsuite> <!-- com.test.Main.TransFormation -->
