<?xml version="1.0" encoding="UTF-8"?>
<!-- Generated by org.testng.reporters.JUnitReportReporter -->
<testsuite hostname="System-Alik" failures="0" tests="4" name="com.main.Basic.MainDriver" time="75.037" errors="0" timestamp="2022-05-08T14:19:04 IST" skipped="0">
  <testcase classname="com.main.Basic.MainDriver" name="searchCourse" time="28.792"/>
  <system-out/>
  <testcase classname="com.main.Basic.MainDriver" name="testTwo" time="30.168"/>
  <system-out/>
  <testcase classname="com.main.Basic.MainDriver" name="fillForm" time="11.676"/>
  <system-out/>
  <testcase classname="com.main.Basic.MainDriver" name="fetchMessage" time="4.401"/>
  <system-out/>
</testsuite> <!-- com.main.Basic.MainDriver -->
