<?xml version="1.0" encoding="UTF-8"?>
<!-- Generated by org.testng.reporters.JUnitReportReporter -->
<testsuite hostname="System-Alik" failures="0" tests="3" name="com.test.Main.WebDevelopment" time="28.011" errors="0" timestamp="2022-05-15T17:42:50 IST" skipped="0">
  <testcase classname="com.test.Main.WebDevelopment" name="searchWebCourse" time="1.249"/>
  <system-out/>
  <testcase classname="com.test.Main.WebDevelopment" name="findWebCourse" time="15.397"/>
  <system-out/>
  <testcase classname="com.test.Main.WebDevelopment" name="findDetails" time="11.365"/>
  <system-out/>
</testsuite> <!-- com.test.Main.WebDevelopment -->
